2015-10-10 18:52:35 [OA INFO   ] 63859 -- Selecting Viridiplantae genebank entries...
2015-10-10 18:52:44 [OA INFO   ] 63859 --  -->      695 entries selected
2015-10-10 18:52:44 [OA INFO   ] 63859 -- Done
2015-10-10 18:52:44 [OA INFO   ] 63859 -- Extracting the CAU tRNA from the plants entries...
2015-10-10 19:03:07 [OA INFO   ] 63859 -- Done
2015-10-10 19:03:07 [OA INFO   ] 63859 -- Sorting the CAU tRNA...
2015-10-10 19:03:07 [OA INFO   ] 63859 -- Extract and dereplicate trnI...
2015-10-10 19:03:07 [OA INFO   ] 63859 -- Extract and dereplicate trnM...
2015-10-10 19:03:07 [OA INFO   ] 63859 -- Extract and dereplicate trnfM...
2015-10-10 19:03:07 [OA INFO   ] 63859 -- Done
2015-10-10 19:03:07 [OA INFO   ] 63859 -- Cleaning the CAU tRNA...
2015-10-10 19:03:07 [OA INFO   ] 63859 -- First pass...
2015-10-10 19:03:09 [OA INFO   ] 63859 --  -->      420 trnCAU.good.ids sequences kept
2015-10-10 19:03:09 [OA INFO   ] 63859 -- Second pass...
2015-10-10 19:03:11 [OA INFO   ] 63859 --  -->      419 trnCAU.good.ids sequences kept
2015-10-10 19:03:11 [OA INFO   ] 63859 -- Done
2015-10-10 19:03:11 [OA INFO   ] 63859 -- Installing the CAU tRNA database...
2015-10-10 19:03:11 [OA INFO   ] 63859 -- Done
2018-04-05 18:17:45 [OA INFO   ] 1072 -- Selecting Viridiplantae genebank entries...
2018-04-05 18:17:45 [OA INFO   ] 1072 --  -->        0 entries selected
2018-04-05 18:17:45 [OA INFO   ] 1072 -- Done
2018-04-05 18:17:45 [OA INFO   ] 1072 -- Extracting the CAU tRNA from the plants entries...
2018-04-05 18:17:45 [OA INFO   ] 1072 -- Done
2018-04-05 18:17:45 [OA INFO   ] 1072 -- Installing the CAU tRNA database...
2018-04-05 18:17:45 [OA INFO   ] 1072 -- Done
2018-04-05 18:18:34 [OA INFO   ] 1170 -- Selecting Viridiplantae genebank entries...
2018-04-05 18:18:36 [OA INFO   ] 1170 --  -->        0 entries selected
2018-04-05 18:18:36 [OA INFO   ] 1170 -- Done
2018-04-05 18:18:36 [OA INFO   ] 1170 -- Extracting the CAU tRNA from the plants entries...
2018-04-05 18:18:36 [OA INFO   ] 1170 -- Done
2018-04-05 18:18:36 [OA INFO   ] 1170 -- Installing the CAU tRNA database...
2018-04-05 18:18:36 [OA INFO   ] 1170 -- Done
2018-04-05 18:19:01 [OA INFO   ] 1778 -- Selecting Viridiplantae genebank entries...
2018-04-05 18:19:09 [OA INFO   ] 1778 --  -->      461 entries selected
2018-04-05 18:19:09 [OA INFO   ] 1778 -- Done
2018-04-05 18:19:09 [OA INFO   ] 1778 -- Extracting the CAU tRNA from the plants entries...
2018-04-05 18:26:03 [OA INFO   ] 1778 -- Done
2018-04-05 18:26:03 [OA INFO   ] 1778 -- Installing the CAU tRNA database...
2018-04-05 18:26:03 [OA INFO   ] 1778 -- Done
